生成启动时间为 11/6/2019 4:19:16 PM。
     1>项目“D:\gitRepo\curl-7.66.0_src(norepo)\projects\Windows\VC10\lib\libcurl.vcxproj”在节点 2 上(build 个目标)。
     1>InitializeBuildStatus:
         正在创建“..\..\..\..\build\Win32\VC10\LIB Release\lib\libcurl.unsuccessfulbuild”，因为已指定“AlwaysCreate”。
       ClCompile:
         C:\Program Files (x86)\Microsoft Visual Studio 10.0\VC\bin\CL.exe /c /I..\..\..\..\include /I..\..\..\..\lib /Zi /nologo /W4 /WX- /O2 /Ob1 /Oy- /D NDEBUG /D BUILDING_LIBCURL /D CURL_STATICLIB /D USE_IPV6 /D _UNICODE /D UNICODE /GF /Gm- /EHsc /MD /GS /Gy /fp:precise /Zc:wchar_t /Zc:forScope /Fo"..\..\..\..\build\Win32\VC10\LIB Release\lib\\" /Fd"..\..\..\..\build\Win32\VC10\LIB Release\lib\vc100.pdb" /Gd /TC /analyze- /errorReport:prompt ..\..\..\..\lib\altsvc.c ..\..\..\..\lib\amigaos.c "..\..\..\..\lib\asyn-ares.c" "..\..\..\..\lib\asyn-thread.c" ..\..\..\..\lib\base64.c ..\..\..\..\lib\conncache.c ..\..\..\..\lib\connect.c ..\..\..\..\lib\content_encoding.c ..\..\..\..\lib\cookie.c ..\..\..\..\lib\curl_addrinfo.c ..\..\..\..\lib\curl_ctype.c ..\..\..\..\lib\curl_des.c ..\..\..\..\lib\curl_endian.c ..\..\..\..\lib\curl_fnmatch.c ..\..\..\..\lib\curl_gethostname.c ..\..\..\..\lib\curl_get_line.c ..\..\..\..\lib\curl_gssapi.c ..\..\..\..\lib\curl_memrchr.c ..\..\..\..\lib\curl_multibyte.c ..\..\..\..\lib\curl_ntlm_core.c ..\..\..\..\lib\curl_ntlm_wb.c ..\..\..\..\lib\curl_path.c ..\..\..\..\lib\curl_range.c ..\..\..\..\lib\curl_rtmp.c ..\..\..\..\lib\curl_sasl.c ..\..\..\..\lib\curl_sspi.c ..\..\..\..\lib\curl_threads.c ..\..\..\..\lib\dict.c ..\..\..\..\lib\doh.c ..\..\..\..\lib\dotdot.c ..\..\..\..\lib\easy.c ..\..\..\..\lib\escape.c ..\..\..\..\lib\file.c ..\..\..\..\lib\fileinfo.c ..\..\..\..\lib\formdata.c ..\..\..\..\lib\ftp.c ..\..\..\..\lib\ftplistparser.c ..\..\..\..\lib\getenv.c ..\..\..\..\lib\getinfo.c ..\..\..\..\lib\gopher.c ..\..\..\..\lib\hash.c ..\..\..\..\lib\hmac.c ..\..\..\..\lib\hostasyn.c ..\..\..\..\lib\hostcheck.c ..\..\..\..\lib\hostip4.c ..\..\..\..\lib\hostip6.c ..\..\..\..\lib\hostip.c ..\..\..\..\lib\hostsyn.c ..\..\..\..\lib\http2.c ..\..\..\..\lib\http.c ..\..\..\..\lib\http_chunks.c ..\..\..\..\lib\http_digest.c ..\..\..\..\lib\http_negotiate.c ..\..\..\..\lib\http_ntlm.c ..\..\..\..\lib\http_proxy.c ..\..\..\..\lib\idn_win32.c ..\..\..\..\lib\if2ip.c ..\..\..\..\lib\imap.c ..\..\..\..\lib\inet_ntop.c ..\..\..\..\lib\inet_pton.c ..\..\..\..\lib\krb5.c ..\..\..\..\lib\ldap.c ..\..\..\..\lib\llist.c ..\..\..\..\lib\md4.c ..\..\..\..\lib\md5.c ..\..\..\..\lib\memdebug.c ..\..\..\..\lib\mime.c ..\..\..\..\lib\mprintf.c ..\..\..\..\lib\multi.c ..\..\..\..\lib\netrc.c "..\..\..\..\lib\non-ascii.c" ..\..\..\..\lib\nonblock.c ..\..\..\..\lib\openldap.c ..\..\..\..\lib\parsedate.c ..\..\..\..\lib\pingpong.c ..\..\..\..\lib\pop3.c ..\..\..\..\lib\progress.c ..\..\..\..\lib\psl.c ..\..\..\..\lib\rand.c ..\..\..\..\lib\rtsp.c ..\..\..\..\lib\security.c ..\..\..\..\lib\select.c ..\..\..\..\lib\sendf.c ..\..\..\..\lib\setopt.c ..\..\..\..\lib\sha256.c ..\..\..\..\lib\share.c ..\..\..\..\lib\slist.c ..\..\..\..\lib\smb.c ..\..\..\..\lib\smtp.c ..\..\..\..\lib\socks.c ..\..\..\..\lib\socks_gssapi.c ..\..\..\..\lib\socks_sspi.c ..\..\..\..\lib\speedcheck.c ..\..\..\..\lib\splay.c ..\..\..\..\lib\strcase.c ..\..\..\..\lib\strdup.c ..\..\..\..\lib\strerror.c ..\..\..\..\lib\strtok.c ..\..\..\..\lib\strtoofft.c ..\..\..\..\lib\system_win32.c ..\..\..\..\lib\telnet.c ..\..\..\..\lib\tftp.c ..\..\..\..\lib\timeval.c ..\..\..\..\lib\transfer.c ..\..\..\..\lib\urlapi.c ..\..\..\..\lib\url.c ..\..\..\..\lib\version.c ..\..\..\..\lib\warnless.c ..\..\..\..\lib\wildcard.c ..\..\..\..\lib\x509asn1.c ..\..\..\..\lib\vauth\cleartext.c ..\..\..\..\lib\vauth\cram.c ..\..\..\..\lib\vauth\digest.c ..\..\..\..\lib\vauth\digest_sspi.c ..\..\..\..\lib\vauth\krb5_gssapi.c ..\..\..\..\lib\vauth\krb5_sspi.c ..\..\..\..\lib\vauth\ntlm.c ..\..\..\..\lib\vauth\ntlm_sspi.c ..\..\..\..\lib\vauth\oauth2.c ..\..\..\..\lib\vauth\spnego_gssapi.c ..\..\..\..\lib\vauth\spnego_sspi.c ..\..\..\..\lib\vauth\vauth.c ..\..\..\..\lib\vtls\gskit.c ..\..\..\..\lib\vtls\gtls.c ..\..\..\..\lib\vtls\mbedtls.c ..\..\..\..\lib\vtls\mesalink.c ..\..\..\..\lib\vtls\nss.c ..\..\..\..\lib\vtls\openssl.c ..\..\..\..\lib\vtls\polarssl.c ..\..\..\..\lib\vtls\polarssl_threadlock.c ..\..\..\..\lib\vtls\schannel.c ..\..\..\..\lib\vtls\schannel_verify.c ..\..\..\..\lib\vtls\sectransp.c ..\..\..\..\lib\vtls\vtls.c ..\..\..\..\lib\vtls\wolfssl.c
         altsvc.c
         amigaos.c
         asyn-ares.c
         asyn-thread.c
         base64.c
         conncache.c
         connect.c
     1>..\..\..\..\lib\connect.c(1395): warning C4127: 条件表达式是常量
     1>..\..\..\..\lib\connect.c(1552): warning C4127: 条件表达式是常量
         content_encoding.c
         cookie.c
     1>..\..\..\..\lib\cookie.c(1231): warning C4127: 条件表达式是常量
     1>..\..\..\..\lib\cookie.c(1232): warning C4127: 条件表达式是常量
     1>..\..\..\..\lib\cookie.c(1233): warning C4127: 条件表达式是常量
     1>..\..\..\..\lib\cookie.c(1234): warning C4127: 条件表达式是常量
     1>..\..\..\..\lib\cookie.c(1235): warning C4127: 条件表达式是常量
     1>..\..\..\..\lib\cookie.c(1236): warning C4127: 条件表达式是常量
     1>..\..\..\..\lib\cookie.c(1237): warning C4127: 条件表达式是常量
     1>..\..\..\..\lib\cookie.c(1238): warning C4127: 条件表达式是常量
         curl_addrinfo.c
         curl_ctype.c
         curl_des.c
         curl_endian.c
         curl_fnmatch.c
         curl_gethostname.c
         curl_get_line.c
     1>..\..\..\..\lib\curl_get_line.c(37): warning C4127: 条件表达式是常量
         curl_gssapi.c
         curl_memrchr.c
         curl_multibyte.c
         curl_ntlm_core.c
         正在生成代码...
         正在编译...
         curl_ntlm_wb.c
         curl_path.c
         curl_range.c
         curl_rtmp.c
         curl_sasl.c
         curl_sspi.c
         curl_threads.c
         dict.c
         doh.c
     1>..\..\..\..\lib\doh.c(127): warning C4127: 条件表达式是常量
         dotdot.c
         easy.c
     1>..\..\..\..\lib\easy.c(158): warning C4127: 条件表达式是常量
     1>..\..\..\..\lib\easy.c(873): warning C4127: 条件表达式是常量
         escape.c
         file.c
         fileinfo.c
         formdata.c
         ftp.c
         ftplistparser.c
         getenv.c
         getinfo.c
         gopher.c
         正在生成代码...
         正在编译...
         hash.c
         hmac.c
         hostasyn.c
         hostcheck.c
         hostip4.c
         hostip6.c
         hostip.c
         hostsyn.c
         http2.c
         http.c
         http_chunks.c
         http_digest.c
         http_negotiate.c
         http_ntlm.c
         http_proxy.c
         idn_win32.c
         if2ip.c
         imap.c
         inet_ntop.c
         inet_pton.c
         正在生成代码...
         正在编译...
         krb5.c
         ldap.c
         llist.c
         md4.c
         md5.c
         memdebug.c
         mime.c
         mprintf.c
         multi.c
     1>..\..\..\..\lib\multi.c(978): warning C4127: 条件表达式是常量
     1>..\..\..\..\lib\multi.c(979): warning C4127: 条件表达式是常量
     1>..\..\..\..\lib\multi.c(982): warning C4127: 条件表达式是常量
     1>..\..\..\..\lib\multi.c(983): warning C4127: 条件表达式是常量
     1>..\..\..\..\lib\multi.c(1984): warning C4127: 条件表达式是常量
         netrc.c
         non-ascii.c
         nonblock.c
         openldap.c
         parsedate.c
         pingpong.c
     1>..\..\..\..\lib\pingpong.c(104): warning C4127: 条件表达式是常量
     1>..\..\..\..\lib\pingpong.c(109): warning C4127: 条件表达式是常量
         pop3.c
         progress.c
         psl.c
         rand.c
         rtsp.c
         正在生成代码...
         正在编译...
         security.c
         select.c
     1>..\..\..\..\lib\select.c(270): warning C4127: 条件表达式是常量
     1>..\..\..\..\lib\select.c(271): warning C4127: 条件表达式是常量
     1>..\..\..\..\lib\select.c(276): warning C4127: 条件表达式是常量
     1>..\..\..\..\lib\select.c(277): warning C4127: 条件表达式是常量
     1>..\..\..\..\lib\select.c(285): warning C4127: 条件表达式是常量
     1>..\..\..\..\lib\select.c(286): warning C4127: 条件表达式是常量
     1>..\..\..\..\lib\select.c(485): warning C4127: 条件表达式是常量
     1>..\..\..\..\lib\select.c(487): warning C4127: 条件表达式是常量
     1>..\..\..\..\lib\select.c(489): warning C4127: 条件表达式是常量
         sendf.c
         setopt.c
     1>..\..\..\..\lib\setopt.c(157): warning C4127: 条件表达式是常量
     1>..\..\..\..\lib\setopt.c(167): warning C4127: 条件表达式是常量
     1>..\..\..\..\lib\setopt.c(508): warning C4127: 条件表达式是常量
     1>..\..\..\..\lib\setopt.c(1817): warning C4127: 条件表达式是常量
     1>..\..\..\..\lib\setopt.c(1857): warning C4127: 条件表达式是常量
         sha256.c
     1>..\..\..\..\lib\sha256.c(247): warning C4127: 条件表达式是常量
     1>..\..\..\..\lib\sha256.c(251): warning C4127: 条件表达式是常量
         share.c
         slist.c
         smb.c
         smtp.c
         socks.c
         socks_gssapi.c
         socks_sspi.c
         speedcheck.c
         splay.c
         strcase.c
         strdup.c
         strerror.c
         strtok.c
         strtoofft.c
         system_win32.c
         正在生成代码...
         正在编译...
         telnet.c
         tftp.c
         timeval.c
         transfer.c
         urlapi.c
         url.c
     1>..\..\..\..\lib\url.c(1095): warning C4127: 条件表达式是常量
         version.c
         warnless.c
         wildcard.c
         x509asn1.c
         cleartext.c
         cram.c
         digest.c
         digest_sspi.c
         krb5_gssapi.c
         krb5_sspi.c
         ntlm.c
         ntlm_sspi.c
         oauth2.c
         spnego_gssapi.c
         正在生成代码...
         正在编译...
         spnego_sspi.c
         vauth.c
         gskit.c
         gtls.c
         mbedtls.c
         mesalink.c
         nss.c
         openssl.c
         polarssl.c
         polarssl_threadlock.c
         schannel.c
         schannel_verify.c
         sectransp.c
         vtls.c
         wolfssl.c
         正在生成代码...
       ResourceCompile:
         C:\Program Files (x86)\Microsoft SDKs\Windows\v7.0A\bin\rc.exe /D NDEBUG /D _UNICODE /D UNICODE /l"0x0409" /nologo /fo"..\..\..\..\build\Win32\VC10\LIB Release\lib\libcurl.res" ..\..\..\..\lib\libcurl.rc 
       Lib:
         C:\Program Files (x86)\Microsoft Visual Studio 10.0\VC\bin\Lib.exe /OUT:"..\..\..\..\build\Win32\VC10\LIB Release\libcurl.lib" /NOLOGO /MACHINE:X86 "..\..\..\..\build\Win32\VC10\LIB Release\lib\libcurl.res"
         "..\..\..\..\build\Win32\VC10\LIB Release\lib\altsvc.obj"
         "..\..\..\..\build\Win32\VC10\LIB Release\lib\amigaos.obj"
         "..\..\..\..\build\Win32\VC10\LIB Release\lib\asyn-ares.obj"
         "..\..\..\..\build\Win32\VC10\LIB Release\lib\asyn-thread.obj"
         "..\..\..\..\build\Win32\VC10\LIB Release\lib\base64.obj"
         "..\..\..\..\build\Win32\VC10\LIB Release\lib\conncache.obj"
         "..\..\..\..\build\Win32\VC10\LIB Release\lib\connect.obj"
         "..\..\..\..\build\Win32\VC10\LIB Release\lib\content_encoding.obj"
         "..\..\..\..\build\Win32\VC10\LIB Release\lib\cookie.obj"
         "..\..\..\..\build\Win32\VC10\LIB Release\lib\curl_addrinfo.obj"
         "..\..\..\..\build\Win32\VC10\LIB Release\lib\curl_ctype.obj"
         "..\..\..\..\build\Win32\VC10\LIB Release\lib\curl_des.obj"
         "..\..\..\..\build\Win32\VC10\LIB Release\lib\curl_endian.obj"
         "..\..\..\..\build\Win32\VC10\LIB Release\lib\curl_fnmatch.obj"
         "..\..\..\..\build\Win32\VC10\LIB Release\lib\curl_gethostname.obj"
         "..\..\..\..\build\Win32\VC10\LIB Release\lib\curl_get_line.obj"
         "..\..\..\..\build\Win32\VC10\LIB Release\lib\curl_gssapi.obj"
         "..\..\..\..\build\Win32\VC10\LIB Release\lib\curl_memrchr.obj"
         "..\..\..\..\build\Win32\VC10\LIB Release\lib\curl_multibyte.obj"
         "..\..\..\..\build\Win32\VC10\LIB Release\lib\curl_ntlm_core.obj"
         "..\..\..\..\build\Win32\VC10\LIB Release\lib\curl_ntlm_wb.obj"
         "..\..\..\..\build\Win32\VC10\LIB Release\lib\curl_path.obj"
         "..\..\..\..\build\Win32\VC10\LIB Release\lib\curl_range.obj"
         "..\..\..\..\build\Win32\VC10\LIB Release\lib\curl_rtmp.obj"
         "..\..\..\..\build\Win32\VC10\LIB Release\lib\curl_sasl.obj"
         "..\..\..\..\build\Win32\VC10\LIB Release\lib\curl_sspi.obj"
         "..\..\..\..\build\Win32\VC10\LIB Release\lib\curl_threads.obj"
         "..\..\..\..\build\Win32\VC10\LIB Release\lib\dict.obj"
         "..\..\..\..\build\Win32\VC10\LIB Release\lib\doh.obj"
         "..\..\..\..\build\Win32\VC10\LIB Release\lib\dotdot.obj"
         "..\..\..\..\build\Win32\VC10\LIB Release\lib\easy.obj"
         "..\..\..\..\build\Win32\VC10\LIB Release\lib\escape.obj"
         "..\..\..\..\build\Win32\VC10\LIB Release\lib\file.obj"
         "..\..\..\..\build\Win32\VC10\LIB Release\lib\fileinfo.obj"
         "..\..\..\..\build\Win32\VC10\LIB Release\lib\formdata.obj"
         "..\..\..\..\build\Win32\VC10\LIB Release\lib\ftp.obj"
         "..\..\..\..\build\Win32\VC10\LIB Release\lib\ftplistparser.obj"
         "..\..\..\..\build\Win32\VC10\LIB Release\lib\getenv.obj"
         "..\..\..\..\build\Win32\VC10\LIB Release\lib\getinfo.obj"
         "..\..\..\..\build\Win32\VC10\LIB Release\lib\gopher.obj"
         "..\..\..\..\build\Win32\VC10\LIB Release\lib\hash.obj"
         "..\..\..\..\build\Win32\VC10\LIB Release\lib\hmac.obj"
         "..\..\..\..\build\Win32\VC10\LIB Release\lib\hostasyn.obj"
         "..\..\..\..\build\Win32\VC10\LIB Release\lib\hostcheck.obj"
         "..\..\..\..\build\Win32\VC10\LIB Release\lib\hostip4.obj"
         "..\..\..\..\build\Win32\VC10\LIB Release\lib\hostip6.obj"
         "..\..\..\..\build\Win32\VC10\LIB Release\lib\hostip.obj"
         "..\..\..\..\build\Win32\VC10\LIB Release\lib\hostsyn.obj"
         "..\..\..\..\build\Win32\VC10\LIB Release\lib\http2.obj"
         "..\..\..\..\build\Win32\VC10\LIB Release\lib\http.obj"
         "..\..\..\..\build\Win32\VC10\LIB Release\lib\http_chunks.obj"
         "..\..\..\..\build\Win32\VC10\LIB Release\lib\http_digest.obj"
         "..\..\..\..\build\Win32\VC10\LIB Release\lib\http_negotiate.obj"
         "..\..\..\..\build\Win32\VC10\LIB Release\lib\http_ntlm.obj"
         "..\..\..\..\build\Win32\VC10\LIB Release\lib\http_proxy.obj"
         "..\..\..\..\build\Win32\VC10\LIB Release\lib\idn_win32.obj"
         "..\..\..\..\build\Win32\VC10\LIB Release\lib\if2ip.obj"
         "..\..\..\..\build\Win32\VC10\LIB Release\lib\imap.obj"
         "..\..\..\..\build\Win32\VC10\LIB Release\lib\inet_ntop.obj"
         "..\..\..\..\build\Win32\VC10\LIB Release\lib\inet_pton.obj"
         "..\..\..\..\build\Win32\VC10\LIB Release\lib\krb5.obj"
         "..\..\..\..\build\Win32\VC10\LIB Release\lib\ldap.obj"
         "..\..\..\..\build\Win32\VC10\LIB Release\lib\llist.obj"
         "..\..\..\..\build\Win32\VC10\LIB Release\lib\md4.obj"
         "..\..\..\..\build\Win32\VC10\LIB Release\lib\md5.obj"
         "..\..\..\..\build\Win32\VC10\LIB Release\lib\memdebug.obj"
         "..\..\..\..\build\Win32\VC10\LIB Release\lib\mime.obj"
         "..\..\..\..\build\Win32\VC10\LIB Release\lib\mprintf.obj"
         "..\..\..\..\build\Win32\VC10\LIB Release\lib\multi.obj"
         "..\..\..\..\build\Win32\VC10\LIB Release\lib\netrc.obj"
         "..\..\..\..\build\Win32\VC10\LIB Release\lib\non-ascii.obj"
         "..\..\..\..\build\Win32\VC10\LIB Release\lib\nonblock.obj"
         "..\..\..\..\build\Win32\VC10\LIB Release\lib\openldap.obj"
         "..\..\..\..\build\Win32\VC10\LIB Release\lib\parsedate.obj"
         "..\..\..\..\build\Win32\VC10\LIB Release\lib\pingpong.obj"
         "..\..\..\..\build\Win32\VC10\LIB Release\lib\pop3.obj"
         "..\..\..\..\build\Win32\VC10\LIB Release\lib\progress.obj"
         "..\..\..\..\build\Win32\VC10\LIB Release\lib\psl.obj"
         "..\..\..\..\build\Win32\VC10\LIB Release\lib\rand.obj"
         "..\..\..\..\build\Win32\VC10\LIB Release\lib\rtsp.obj"
         "..\..\..\..\build\Win32\VC10\LIB Release\lib\security.obj"
         "..\..\..\..\build\Win32\VC10\LIB Release\lib\select.obj"
         "..\..\..\..\build\Win32\VC10\LIB Release\lib\sendf.obj"
         "..\..\..\..\build\Win32\VC10\LIB Release\lib\setopt.obj"
         "..\..\..\..\build\Win32\VC10\LIB Release\lib\sha256.obj"
         "..\..\..\..\build\Win32\VC10\LIB Release\lib\share.obj"
         "..\..\..\..\build\Win32\VC10\LIB Release\lib\slist.obj"
         "..\..\..\..\build\Win32\VC10\LIB Release\lib\smb.obj"
         "..\..\..\..\build\Win32\VC10\LIB Release\lib\smtp.obj"
         "..\..\..\..\build\Win32\VC10\LIB Release\lib\socks.obj"
         "..\..\..\..\build\Win32\VC10\LIB Release\lib\socks_gssapi.obj"
         "..\..\..\..\build\Win32\VC10\LIB Release\lib\socks_sspi.obj"
         "..\..\..\..\build\Win32\VC10\LIB Release\lib\speedcheck.obj"
         "..\..\..\..\build\Win32\VC10\LIB Release\lib\splay.obj"
         "..\..\..\..\build\Win32\VC10\LIB Release\lib\strcase.obj"
         "..\..\..\..\build\Win32\VC10\LIB Release\lib\strdup.obj"
         "..\..\..\..\build\Win32\VC10\LIB Release\lib\strerror.obj"
         "..\..\..\..\build\Win32\VC10\LIB Release\lib\strtok.obj"
         "..\..\..\..\build\Win32\VC10\LIB Release\lib\strtoofft.obj"
         "..\..\..\..\build\Win32\VC10\LIB Release\lib\system_win32.obj"
         "..\..\..\..\build\Win32\VC10\LIB Release\lib\telnet.obj"
         "..\..\..\..\build\Win32\VC10\LIB Release\lib\tftp.obj"
         "..\..\..\..\build\Win32\VC10\LIB Release\lib\timeval.obj"
         "..\..\..\..\build\Win32\VC10\LIB Release\lib\transfer.obj"
         "..\..\..\..\build\Win32\VC10\LIB Release\lib\urlapi.obj"
         "..\..\..\..\build\Win32\VC10\LIB Release\lib\url.obj"
         "..\..\..\..\build\Win32\VC10\LIB Release\lib\version.obj"
         "..\..\..\..\build\Win32\VC10\LIB Release\lib\warnless.obj"
         "..\..\..\..\build\Win32\VC10\LIB Release\lib\wildcard.obj"
         "..\..\..\..\build\Win32\VC10\LIB Release\lib\x509asn1.obj"
         "..\..\..\..\build\Win32\VC10\LIB Release\lib\cleartext.obj"
         "..\..\..\..\build\Win32\VC10\LIB Release\lib\cram.obj"
         "..\..\..\..\build\Win32\VC10\LIB Release\lib\digest.obj"
         "..\..\..\..\build\Win32\VC10\LIB Release\lib\digest_sspi.obj"
         "..\..\..\..\build\Win32\VC10\LIB Release\lib\krb5_gssapi.obj"
         "..\..\..\..\build\Win32\VC10\LIB Release\lib\krb5_sspi.obj"
         "..\..\..\..\build\Win32\VC10\LIB Release\lib\ntlm.obj"
         "..\..\..\..\build\Win32\VC10\LIB Release\lib\ntlm_sspi.obj"
         "..\..\..\..\build\Win32\VC10\LIB Release\lib\oauth2.obj"
         "..\..\..\..\build\Win32\VC10\LIB Release\lib\spnego_gssapi.obj"
         "..\..\..\..\build\Win32\VC10\LIB Release\lib\spnego_sspi.obj"
         "..\..\..\..\build\Win32\VC10\LIB Release\lib\vauth.obj"
         "..\..\..\..\build\Win32\VC10\LIB Release\lib\gskit.obj"
         "..\..\..\..\build\Win32\VC10\LIB Release\lib\gtls.obj"
         "..\..\..\..\build\Win32\VC10\LIB Release\lib\mbedtls.obj"
         "..\..\..\..\build\Win32\VC10\LIB Release\lib\mesalink.obj"
         "..\..\..\..\build\Win32\VC10\LIB Release\lib\nss.obj"
         "..\..\..\..\build\Win32\VC10\LIB Release\lib\openssl.obj"
         "..\..\..\..\build\Win32\VC10\LIB Release\lib\polarssl.obj"
         "..\..\..\..\build\Win32\VC10\LIB Release\lib\polarssl_threadlock.obj"
         "..\..\..\..\build\Win32\VC10\LIB Release\lib\schannel.obj"
         "..\..\..\..\build\Win32\VC10\LIB Release\lib\schannel_verify.obj"
         "..\..\..\..\build\Win32\VC10\LIB Release\lib\sectransp.obj"
         "..\..\..\..\build\Win32\VC10\LIB Release\lib\vtls.obj"
         "..\..\..\..\build\Win32\VC10\LIB Release\lib\wolfssl.obj"
         libcurl.vcxproj -> D:\gitRepo\curl-7.66.0_src(norepo)\projects\Windows\VC10\lib\..\..\..\..\build\Win32\VC10\LIB Release\libcurl.lib
       FinalizeBuildStatus:
         正在删除文件“..\..\..\..\build\Win32\VC10\LIB Release\lib\libcurl.unsuccessfulbuild”。
         正在对“..\..\..\..\build\Win32\VC10\LIB Release\lib\libcurl.lastbuildstate”执行 Touch 任务。
     1>已完成生成项目“D:\gitRepo\curl-7.66.0_src(norepo)\projects\Windows\VC10\lib\libcurl.vcxproj”(build 个目标)的操作。

生成成功。

已用时间 00:00:26.02
